1734457480.431004 client started (9087): version 3.4, socket /tmp/tmux-1000/default, protocol 8
1734457480.431059 on Linux 6.8.0-49-generic #49-Ubuntu SMP PREEMPT_DYNAMIC Mon Nov  4 02:06:24 UTC 2024
1734457480.431070 using libevent 2.1.12-stable poll
1734457480.431077 using ncurses 6.4 20240113
1734457480.431132 flags are 0x10010000
1734457480.431165 socket is /tmp/tmux-1000/default
1734457480.431187 trying connect
1734457480.431559 add peer 0x59f313790bf0: 6 ((nil))
1734457480.432407 sending message 100 to peer 0x59f313790bf0 (4 bytes)
1734457480.432430 sending message 111 to peer 0x59f313790bf0 (8 bytes)
1734457480.432439 sending message 101 to peer 0x59f313790bf0 (6 bytes)
1734457480.432447 sending message 109 to peer 0x59f313790bf0 (4 bytes)
1734457480.432536 sending message 102 to peer 0x59f313790bf0 (11 bytes)
1734457480.432547 sending message 108 to peer 0x59f313790bf0 (39 bytes)
1734457480.432555 sending message 112 to peer 0x59f313790bf0 (58 bytes)
1734457480.432563 sending message 112 to peer 0x59f313790bf0 (5 bytes)
1734457480.432571 sending message 112 to peer 0x59f313790bf0 (5 bytes)
1734457480.432578 sending message 112 to peer 0x59f313790bf0 (6 bytes)
1734457480.432585 sending message 112 to peer 0x59f313790bf0 (6 bytes)
1734457480.432593 sending message 112 to peer 0x59f313790bf0 (11 bytes)
1734457480.432600 sending message 112 to peer 0x59f313790bf0 (10 bytes)
1734457480.432608 sending message 112 to peer 0x59f313790bf0 (13 bytes)
1734457480.432615 sending message 112 to peer 0x59f313790bf0 (14 bytes)
1734457480.432622 sending message 112 to peer 0x59f313790bf0 (19 bytes)
1734457480.432630 sending message 112 to peer 0x59f313790bf0 (9 bytes)
1734457480.432637 sending message 112 to peer 0x59f313790bf0 (10 bytes)
1734457480.432644 sending message 112 to peer 0x59f313790bf0 (15 bytes)
1734457480.432651 sending message 112 to peer 0x59f313790bf0 (21 bytes)
1734457480.432659 sending message 112 to peer 0x59f313790bf0 (13 bytes)
1734457480.432666 sending message 112 to peer 0x59f313790bf0 (7 bytes)
1734457480.432674 sending message 112 to peer 0x59f313790bf0 (13 bytes)
1734457480.432681 sending message 112 to peer 0x59f313790bf0 (7 bytes)
1734457480.432688 sending message 112 to peer 0x59f313790bf0 (13 bytes)
1734457480.432695 sending message 112 to peer 0x59f313790bf0 (9 bytes)
1734457480.432703 sending message 112 to peer 0x59f313790bf0 (21 bytes)
1734457480.432710 sending message 112 to peer 0x59f313790bf0 (13 bytes)
1734457480.432717 sending message 112 to peer 0x59f313790bf0 (9 bytes)
1734457480.432724 sending message 112 to peer 0x59f313790bf0 (16 bytes)
1734457480.432732 sending message 112 to peer 0x59f313790bf0 (13 bytes)
1734457480.432739 sending message 112 to peer 0x59f313790bf0 (9 bytes)
1734457480.432746 sending message 112 to peer 0x59f313790bf0 (9 bytes)
1734457480.432754 sending message 112 to peer 0x59f313790bf0 (12 bytes)
1734457480.432761 sending message 112 to peer 0x59f313790bf0 (8 bytes)
1734457480.432768 sending message 112 to peer 0x59f313790bf0 (8 bytes)
1734457480.432776 sending message 112 to peer 0x59f313790bf0 (13 bytes)
1734457480.432783 sending message 112 to peer 0x59f313790bf0 (7 bytes)
1734457480.432791 sending message 112 to peer 0x59f313790bf0 (7 bytes)
1734457480.432798 sending message 112 to peer 0x59f313790bf0 (9 bytes)
1734457480.432805 sending message 112 to peer 0x59f313790bf0 (9 bytes)
1734457480.432813 sending message 112 to peer 0x59f313790bf0 (15 bytes)
1734457480.432820 sending message 112 to peer 0x59f313790bf0 (13 bytes)
1734457480.432827 sending message 112 to peer 0x59f313790bf0 (12 bytes)
1734457480.432834 sending message 112 to peer 0x59f313790bf0 (8 bytes)
1734457480.432842 sending message 112 to peer 0x59f313790bf0 (14 bytes)
1734457480.432849 sending message 112 to peer 0x59f313790bf0 (11 bytes)
1734457480.432856 sending message 112 to peer 0x59f313790bf0 (9 bytes)
1734457480.432864 sending message 112 to peer 0x59f313790bf0 (10 bytes)
1734457480.432871 sending message 112 to peer 0x59f313790bf0 (10 bytes)
1734457480.432878 sending message 112 to peer 0x59f313790bf0 (10 bytes)
1734457480.432904 sending message 112 to peer 0x59f313790bf0 (10 bytes)
1734457480.432912 sending message 112 to peer 0x59f313790bf0 (11 bytes)
1734457480.432919 sending message 112 to peer 0x59f313790bf0 (12 bytes)
1734457480.432926 sending message 112 to peer 0x59f313790bf0 (12 bytes)
1734457480.432934 sending message 112 to peer 0x59f313790bf0 (12 bytes)
1734457480.432941 sending message 112 to peer 0x59f313790bf0 (12 bytes)
1734457480.432948 sending message 112 to peer 0x59f313790bf0 (12 bytes)
1734457480.432956 sending message 112 to peer 0x59f313790bf0 (11 bytes)
1734457480.432963 sending message 112 to peer 0x59f313790bf0 (11 bytes)
1734457480.432970 sending message 112 to peer 0x59f313790bf0 (12 bytes)
1734457480.432978 sending message 112 to peer 0x59f313790bf0 (12 bytes)
1734457480.432985 sending message 112 to peer 0x59f313790bf0 (12 bytes)
1734457480.432992 sending message 112 to peer 0x59f313790bf0 (12 bytes)
1734457480.433000 sending message 112 to peer 0x59f313790bf0 (12 bytes)
1734457480.433007 sending message 112 to peer 0x59f313790bf0 (9 bytes)
1734457480.433014 sending message 112 to peer 0x59f313790bf0 (12 bytes)
1734457480.433022 sending message 112 to peer 0x59f313790bf0 (13 bytes)
1734457480.433029 sending message 112 to peer 0x59f313790bf0 (13 bytes)
1734457480.433037 sending message 112 to peer 0x59f313790bf0 (13 bytes)
1734457480.433044 sending message 112 to peer 0x59f313790bf0 (13 bytes)
1734457480.433052 sending message 112 to peer 0x59f313790bf0 (13 bytes)
1734457480.433059 sending message 112 to peer 0x59f313790bf0 (8 bytes)
1734457480.433066 sending message 112 to peer 0x59f313790bf0 (11 bytes)
1734457480.433074 sending message 112 to peer 0x59f313790bf0 (11 bytes)
1734457480.433081 sending message 112 to peer 0x59f313790bf0 (11 bytes)
1734457480.433089 sending message 112 to peer 0x59f313790bf0 (12 bytes)
1734457480.433096 sending message 112 to peer 0x59f313790bf0 (12 bytes)
1734457480.433103 sending message 112 to peer 0x59f313790bf0 (12 bytes)
1734457480.433111 sending message 112 to peer 0x59f313790bf0 (12 bytes)
1734457480.433118 sending message 112 to peer 0x59f313790bf0 (13 bytes)
1734457480.433125 sending message 112 to peer 0x59f313790bf0 (13 bytes)
1734457480.433132 sending message 112 to peer 0x59f313790bf0 (13 bytes)
1734457480.433140 sending message 112 to peer 0x59f313790bf0 (8 bytes)
1734457480.433147 sending message 112 to peer 0x59f313790bf0 (13 bytes)
1734457480.433154 sending message 112 to peer 0x59f313790bf0 (13 bytes)
1734457480.433162 sending message 112 to peer 0x59f313790bf0 (13 bytes)
1734457480.433169 sending message 112 to peer 0x59f313790bf0 (13 bytes)
1734457480.433176 sending message 112 to peer 0x59f313790bf0 (13 bytes)
1734457480.433184 sending message 112 to peer 0x59f313790bf0 (12 bytes)
1734457480.433191 sending message 112 to peer 0x59f313790bf0 (12 bytes)
1734457480.433198 sending message 112 to peer 0x59f313790bf0 (12 bytes)
1734457480.433205 sending message 112 to peer 0x59f313790bf0 (12 bytes)
1734457480.433213 sending message 112 to peer 0x59f313790bf0 (13 bytes)
1734457480.433220 sending message 112 to peer 0x59f313790bf0 (8 bytes)
1734457480.433227 sending message 112 to peer 0x59f313790bf0 (13 bytes)
1734457480.433235 sending message 112 to peer 0x59f313790bf0 (13 bytes)
1734457480.433242 sending message 112 to peer 0x59f313790bf0 (13 bytes)
1734457480.433250 sending message 112 to peer 0x59f313790bf0 (13 bytes)
1734457480.433266 sending message 112 to peer 0x59f313790bf0 (13 bytes)
1734457480.433278 sending message 112 to peer 0x59f313790bf0 (13 bytes)
1734457480.433285 sending message 112 to peer 0x59f313790bf0 (13 bytes)
1734457480.433293 sending message 112 to peer 0x59f313790bf0 (12 bytes)
1734457480.433300 sending message 112 to peer 0x59f313790bf0 (12 bytes)
1734457480.433308 sending message 112 to peer 0x59f313790bf0 (12 bytes)
1734457480.433315 sending message 112 to peer 0x59f313790bf0 (8 bytes)
1734457480.433323 sending message 112 to peer 0x59f313790bf0 (12 bytes)
1734457480.433330 sending message 112 to peer 0x59f313790bf0 (13 bytes)
1734457480.433347 sending message 112 to peer 0x59f313790bf0 (13 bytes)
1734457480.433354 sending message 112 to peer 0x59f313790bf0 (13 bytes)
1734457480.433362 sending message 112 to peer 0x59f313790bf0 (13 bytes)
1734457480.433369 sending message 112 to peer 0x59f313790bf0 (13 bytes)
1734457480.433376 sending message 112 to peer 0x59f313790bf0 (13 bytes)
1734457480.433384 sending message 112 to peer 0x59f313790bf0 (13 bytes)
1734457480.433391 sending message 112 to peer 0x59f313790bf0 (13 bytes)
1734457480.433398 sending message 112 to peer 0x59f313790bf0 (12 bytes)
1734457480.433406 sending message 112 to peer 0x59f313790bf0 (10 bytes)
1734457480.433413 sending message 112 to peer 0x59f313790bf0 (12 bytes)
1734457480.433420 sending message 112 to peer 0x59f313790bf0 (12 bytes)
1734457480.433428 sending message 112 to peer 0x59f313790bf0 (12 bytes)
1734457480.433435 sending message 112 to peer 0x59f313790bf0 (13 bytes)
1734457480.433442 sending message 112 to peer 0x59f313790bf0 (13 bytes)
1734457480.433450 sending message 112 to peer 0x59f313790bf0 (13 bytes)
1734457480.433457 sending message 112 to peer 0x59f313790bf0 (13 bytes)
1734457480.433464 sending message 112 to peer 0x59f313790bf0 (13 bytes)
1734457480.433471 sending message 112 to peer 0x59f313790bf0 (13 bytes)
1734457480.433479 sending message 112 to peer 0x59f313790bf0 (13 bytes)
1734457480.433486 sending message 112 to peer 0x59f313790bf0 (10 bytes)
1734457480.433493 sending message 112 to peer 0x59f313790bf0 (13 bytes)
1734457480.433501 sending message 112 to peer 0x59f313790bf0 (12 bytes)
1734457480.433508 sending message 112 to peer 0x59f313790bf0 (12 bytes)
1734457480.433515 sending message 112 to peer 0x59f313790bf0 (12 bytes)
1734457480.433523 sending message 112 to peer 0x59f313790bf0 (10 bytes)
1734457480.433530 sending message 112 to peer 0x59f313790bf0 (10 bytes)
1734457480.433537 sending message 112 to peer 0x59f313790bf0 (10 bytes)
1734457480.433545 sending message 112 to peer 0x59f313790bf0 (12 bytes)
1734457480.433552 sending message 112 to peer 0x59f313790bf0 (13 bytes)
1734457480.433559 sending message 112 to peer 0x59f313790bf0 (13 bytes)
1734457480.433566 sending message 112 to peer 0x59f313790bf0 (13 bytes)
1734457480.433573 sending message 112 to peer 0x59f313790bf0 (13 bytes)
1734457480.433581 sending message 112 to peer 0x59f313790bf0 (13 bytes)
1734457480.433588 sending message 112 to peer 0x59f313790bf0 (10 bytes)
1734457480.433595 sending message 112 to peer 0x59f313790bf0 (11 bytes)
1734457480.433603 sending message 112 to peer 0x59f313790bf0 (12 bytes)
1734457480.433610 sending message 112 to peer 0x59f313790bf0 (12 bytes)
1734457480.433617 sending message 112 to peer 0x59f313790bf0 (12 bytes)
1734457480.433625 sending message 112 to peer 0x59f313790bf0 (12 bytes)
1734457480.433632 sending message 112 to peer 0x59f313790bf0 (12 bytes)
1734457480.433639 sending message 112 to peer 0x59f313790bf0 (11 bytes)
1734457480.433646 sending message 112 to peer 0x59f313790bf0 (12 bytes)
1734457480.433654 sending message 112 to peer 0x59f313790bf0 (12 bytes)
1734457480.433661 sending message 112 to peer 0x59f313790bf0 (13 bytes)
1734457480.433668 sending message 112 to peer 0x59f313790bf0 (13 bytes)
1734457480.433676 sending message 112 to peer 0x59f313790bf0 (13 bytes)
1734457480.433683 sending message 112 to peer 0x59f313790bf0 (13 bytes)
1734457480.433690 sending message 112 to peer 0x59f313790bf0 (13 bytes)
1734457480.433698 sending message 112 to peer 0x59f313790bf0 (10 bytes)
1734457480.433705 sending message 112 to peer 0x59f313790bf0 (9 bytes)
1734457480.433712 sending message 112 to peer 0x59f313790bf0 (12 bytes)
1734457480.433720 sending message 112 to peer 0x59f313790bf0 (13 bytes)
1734457480.433727 sending message 112 to peer 0x59f313790bf0 (13 bytes)
1734457480.433734 sending message 112 to peer 0x59f313790bf0 (13 bytes)
1734457480.433742 sending message 112 to peer 0x59f313790bf0 (13 bytes)
1734457480.433749 sending message 112 to peer 0x59f313790bf0 (13 bytes)
1734457480.433756 sending message 112 to peer 0x59f313790bf0 (9 bytes)
1734457480.433772 sending message 112 to peer 0x59f313790bf0 (12 bytes)
1734457480.433779 sending message 112 to peer 0x59f313790bf0 (13 bytes)
1734457480.433787 sending message 112 to peer 0x59f313790bf0 (13 bytes)
1734457480.433794 sending message 112 to peer 0x59f313790bf0 (13 bytes)
1734457480.433802 sending message 112 to peer 0x59f313790bf0 (13 bytes)
1734457480.433809 sending message 112 to peer 0x59f313790bf0 (13 bytes)
1734457480.433817 sending message 112 to peer 0x59f313790bf0 (11 bytes)
1734457480.433824 sending message 112 to peer 0x59f313790bf0 (12 bytes)
1734457480.433831 sending message 112 to peer 0x59f313790bf0 (13 bytes)
1734457480.433838 sending message 112 to peer 0x59f313790bf0 (13 bytes)
1734457480.433846 sending message 112 to peer 0x59f313790bf0 (13 bytes)
1734457480.433853 sending message 112 to peer 0x59f313790bf0 (13 bytes)
1734457480.433860 sending message 112 to peer 0x59f313790bf0 (13 bytes)
1734457480.433868 sending message 112 to peer 0x59f313790bf0 (11 bytes)
1734457480.433875 sending message 112 to peer 0x59f313790bf0 (12 bytes)
1734457480.433882 sending message 112 to peer 0x59f313790bf0 (12 bytes)
1734457480.433890 sending message 112 to peer 0x59f313790bf0 (12 bytes)
1734457480.433897 sending message 112 to peer 0x59f313790bf0 (12 bytes)
1734457480.433905 sending message 112 to peer 0x59f313790bf0 (12 bytes)
1734457480.433912 sending message 112 to peer 0x59f313790bf0 (21 bytes)
1734457480.433920 sending message 112 to peer 0x59f313790bf0 (12 bytes)
1734457480.433927 sending message 112 to peer 0x59f313790bf0 (9 bytes)
1734457480.433935 sending message 112 to peer 0x59f313790bf0 (6 bytes)
1734457480.433942 sending message 112 to peer 0x59f313790bf0 (13 bytes)
1734457480.433950 sending message 112 to peer 0x59f313790bf0 (10 bytes)
1734457480.433957 sending message 112 to peer 0x59f313790bf0 (24 bytes)
1734457480.433964 sending message 112 to peer 0x59f313790bf0 (13 bytes)
1734457480.433972 sending message 112 to peer 0x59f313790bf0 (9 bytes)
1734457480.433979 sending message 112 to peer 0x59f313790bf0 (16 bytes)
1734457480.433987 sending message 112 to peer 0x59f313790bf0 (16 bytes)
1734457480.433994 sending message 112 to peer 0x59f313790bf0 (12 bytes)
1734457480.434001 sending message 112 to peer 0x59f313790bf0 (10 bytes)
1734457480.434009 sending message 112 to peer 0x59f313790bf0 (10 bytes)
1734457480.434016 sending message 112 to peer 0x59f313790bf0 (24 bytes)
1734457480.434024 sending message 112 to peer 0x59f313790bf0 (13 bytes)
1734457480.434032 sending message 112 to peer 0x59f313790bf0 (10 bytes)
1734457480.434040 sending message 112 to peer 0x59f313790bf0 (10 bytes)
1734457480.434047 sending message 112 to peer 0x59f313790bf0 (10 bytes)
1734457480.434055 sending message 112 to peer 0x59f313790bf0 (13 bytes)
1734457480.434062 sending message 112 to peer 0x59f313790bf0 (15 bytes)
1734457480.434069 sending message 112 to peer 0x59f313790bf0 (5 bytes)
1734457480.434080 sending message 104 to peer 0x59f313790bf0 (0 bytes)
1734457480.434090 sending message 110 to peer 0x59f313790bf0 (0 bytes)
1734457480.434101 sending message 107 to peer 0x59f313790bf0 (4 bytes)
1734457480.434109 sending message 105 to peer 0x59f313790bf0 (16 bytes)
1734457480.434116 sending message 105 to peer 0x59f313790bf0 (98 bytes)
1734457480.434124 sending message 105 to peer 0x59f313790bf0 (19 bytes)
1734457480.434132 sending message 105 to peer 0x59f313790bf0 (20 bytes)
1734457480.434139 sending message 105 to peer 0x59f313790bf0 (45 bytes)
1734457480.434147 sending message 105 to peer 0x59f313790bf0 (60 bytes)
1734457480.434155 sending message 105 to peer 0x59f313790bf0 (23 bytes)
1734457480.434163 sending message 105 to peer 0x59f313790bf0 (25 bytes)
1734457480.434170 sending message 105 to peer 0x59f313790bf0 (44 bytes)
1734457480.434178 sending message 105 to peer 0x59f313790bf0 (35 bytes)
1734457480.434185 sending message 105 to peer 0x59f313790bf0 (32 bytes)
1734457480.434193 sending message 105 to peer 0x59f313790bf0 (41 bytes)
1734457480.434200 sending message 105 to peer 0x59f313790bf0 (51 bytes)
1734457480.434216 sending message 105 to peer 0x59f313790bf0 (20 bytes)
1734457480.434223 sending message 105 to peer 0x59f313790bf0 (23 bytes)
1734457480.434231 sending message 105 to peer 0x59f313790bf0 (28 bytes)
1734457480.434239 sending message 105 to peer 0x59f313790bf0 (43 bytes)
1734457480.434247 sending message 105 to peer 0x59f313790bf0 (27 bytes)
1734457480.434274 sending message 105 to peer 0x59f313790bf0 (13 bytes)
1734457480.434286 sending message 105 to peer 0x59f313790bf0 (21 bytes)
1734457480.434294 sending message 105 to peer 0x59f313790bf0 (52 bytes)
1734457480.434301 sending message 105 to peer 0x59f313790bf0 (22 bytes)
1734457480.434309 sending message 105 to peer 0x59f313790bf0 (41 bytes)
1734457480.434316 sending message 105 to peer 0x59f313790bf0 (13 bytes)
1734457480.434324 sending message 105 to peer 0x59f313790bf0 (16 bytes)
1734457480.434331 sending message 105 to peer 0x59f313790bf0 (14 bytes)
1734457480.434338 sending message 105 to peer 0x59f313790bf0 (17 bytes)
1734457480.434347 sending message 105 to peer 0x59f313790bf0 (1817 bytes)
1734457480.434377 sending message 105 to peer 0x59f313790bf0 (33 bytes)
1734457480.434386 sending message 105 to peer 0x59f313790bf0 (140 bytes)
1734457480.434393 sending message 105 to peer 0x59f313790bf0 (17 bytes)
1734457480.434401 sending message 105 to peer 0x59f313790bf0 (86 bytes)
1734457480.434409 sending message 105 to peer 0x59f313790bf0 (24 bytes)
1734457480.434416 sending message 105 to peer 0x59f313790bf0 (34 bytes)
1734457480.434424 sending message 105 to peer 0x59f313790bf0 (23 bytes)
1734457480.434431 sending message 105 to peer 0x59f313790bf0 (36 bytes)
1734457480.434439 sending message 105 to peer 0x59f313790bf0 (11 bytes)
1734457480.434446 sending message 105 to peer 0x59f313790bf0 (32 bytes)
1734457480.434454 sending message 105 to peer 0x59f313790bf0 (10 bytes)
1734457480.434461 sending message 105 to peer 0x59f313790bf0 (13 bytes)
1734457480.434469 sending message 105 to peer 0x59f313790bf0 (29 bytes)
1734457480.434476 sending message 105 to peer 0x59f313790bf0 (11 bytes)
1734457480.434484 sending message 105 to peer 0x59f313790bf0 (8 bytes)
1734457480.434491 sending message 105 to peer 0x59f313790bf0 (14 bytes)
1734457480.434499 sending message 105 to peer 0x59f313790bf0 (35 bytes)
1734457480.434506 sending message 105 to peer 0x59f313790bf0 (18 bytes)
1734457480.434513 sending message 105 to peer 0x59f313790bf0 (31 bytes)
1734457480.434521 sending message 105 to peer 0x59f313790bf0 (47 bytes)
1734457480.434528 sending message 105 to peer 0x59f313790bf0 (102 bytes)
1734457480.434536 sending message 105 to peer 0x59f313790bf0 (443 bytes)
1734457480.434544 sending message 105 to peer 0x59f313790bf0 (18 bytes)
1734457480.434552 sending message 105 to peer 0x59f313790bf0 (54 bytes)
1734457480.434560 sending message 105 to peer 0x59f313790bf0 (51 bytes)
1734457480.434567 sending message 105 to peer 0x59f313790bf0 (18 bytes)
1734457480.434575 sending message 105 to peer 0x59f313790bf0 (16 bytes)
1734457480.434582 sending message 106 to peer 0x59f313790bf0 (0 bytes)
1734457480.434688 sending message 200 to peer 0x59f313790bf0 (4 bytes)
1734457480.434699 client loop enter
1734457480.435465 peer 0x59f313790bf0 message 303
1734457480.435486 open write file 2 -
1734457480.435505 sending message 305 to peer 0x59f313790bf0 (8 bytes)
1734457480.435536 write check file 2
1734457480.435833 peer 0x59f313790bf0 message 304
1734457480.435852 write 58 to file 2
1734457480.435863 peer 0x59f313790bf0 message 203
1734457480.435871 file 2 58 bytes left
1734457480.435902 write check file 2
1734457480.435909 client loop exit
