1734457790.556884 client started (10573): version 3.4, socket /tmp/tmux-1000/default, protocol 8
1734457790.556932 on Linux 6.8.0-49-generic #49-Ubuntu SMP PREEMPT_DYNAMIC Mon Nov  4 02:06:24 UTC 2024
1734457790.556941 using libevent 2.1.12-stable poll
1734457790.556948 using ncurses 6.4 20240113
1734457790.556997 flags are 0x18010000
1734457790.557020 socket is /tmp/tmux-1000/default
1734457790.557040 trying connect
1734457790.557064 connect failed: Connection refused
1734457790.557082 lock file is /tmp/tmux-1000/default.lock
1734457790.557133 flock succeeded
1734457790.557142 got lock (6)
1734457790.557157 trying connect
1734457790.557175 connect failed: Connection refused
1734457790.557768 add peer 0x63dbd06b9d60: 7 ((nil))
1734457790.558588 sending message 100 to peer 0x63dbd06b9d60 (4 bytes)
1734457790.558623 sending message 111 to peer 0x63dbd06b9d60 (8 bytes)
1734457790.558633 sending message 101 to peer 0x63dbd06b9d60 (15 bytes)
1734457790.558640 sending message 109 to peer 0x63dbd06b9d60 (4 bytes)
1734457790.558647 sending message 102 to peer 0x63dbd06b9d60 (11 bytes)
1734457790.558655 sending message 108 to peer 0x63dbd06b9d60 (39 bytes)
1734457790.558662 sending message 112 to peer 0x63dbd06b9d60 (58 bytes)
1734457790.558669 sending message 112 to peer 0x63dbd06b9d60 (5 bytes)
1734457790.558677 sending message 112 to peer 0x63dbd06b9d60 (5 bytes)
1734457790.558684 sending message 112 to peer 0x63dbd06b9d60 (6 bytes)
1734457790.558691 sending message 112 to peer 0x63dbd06b9d60 (6 bytes)
1734457790.558698 sending message 112 to peer 0x63dbd06b9d60 (11 bytes)
1734457790.558705 sending message 112 to peer 0x63dbd06b9d60 (10 bytes)
1734457790.558712 sending message 112 to peer 0x63dbd06b9d60 (13 bytes)
1734457790.558719 sending message 112 to peer 0x63dbd06b9d60 (14 bytes)
1734457790.558726 sending message 112 to peer 0x63dbd06b9d60 (19 bytes)
1734457790.558733 sending message 112 to peer 0x63dbd06b9d60 (11 bytes)
1734457790.558740 sending message 112 to peer 0x63dbd06b9d60 (10 bytes)
1734457790.558747 sending message 112 to peer 0x63dbd06b9d60 (15 bytes)
1734457790.558754 sending message 112 to peer 0x63dbd06b9d60 (21 bytes)
1734457790.558761 sending message 112 to peer 0x63dbd06b9d60 (13 bytes)
1734457790.558769 sending message 112 to peer 0x63dbd06b9d60 (7 bytes)
1734457790.558776 sending message 112 to peer 0x63dbd06b9d60 (13 bytes)
1734457790.558783 sending message 112 to peer 0x63dbd06b9d60 (7 bytes)
1734457790.558790 sending message 112 to peer 0x63dbd06b9d60 (13 bytes)
1734457790.558797 sending message 112 to peer 0x63dbd06b9d60 (9 bytes)
1734457790.558804 sending message 112 to peer 0x63dbd06b9d60 (21 bytes)
1734457790.558811 sending message 112 to peer 0x63dbd06b9d60 (13 bytes)
1734457790.558818 sending message 112 to peer 0x63dbd06b9d60 (9 bytes)
1734457790.558825 sending message 112 to peer 0x63dbd06b9d60 (16 bytes)
1734457790.558831 sending message 112 to peer 0x63dbd06b9d60 (13 bytes)
1734457790.558838 sending message 112 to peer 0x63dbd06b9d60 (9 bytes)
1734457790.558845 sending message 112 to peer 0x63dbd06b9d60 (9 bytes)
1734457790.558852 sending message 112 to peer 0x63dbd06b9d60 (12 bytes)
1734457790.558859 sending message 112 to peer 0x63dbd06b9d60 (8 bytes)
1734457790.558866 sending message 112 to peer 0x63dbd06b9d60 (8 bytes)
1734457790.558873 sending message 112 to peer 0x63dbd06b9d60 (13 bytes)
1734457790.558880 sending message 112 to peer 0x63dbd06b9d60 (7 bytes)
1734457790.558887 sending message 112 to peer 0x63dbd06b9d60 (7 bytes)
1734457790.558894 sending message 112 to peer 0x63dbd06b9d60 (9 bytes)
1734457790.558901 sending message 112 to peer 0x63dbd06b9d60 (9 bytes)
1734457790.558908 sending message 112 to peer 0x63dbd06b9d60 (15 bytes)
1734457790.558915 sending message 112 to peer 0x63dbd06b9d60 (13 bytes)
1734457790.558922 sending message 112 to peer 0x63dbd06b9d60 (12 bytes)
1734457790.558930 sending message 112 to peer 0x63dbd06b9d60 (8 bytes)
1734457790.558937 sending message 112 to peer 0x63dbd06b9d60 (14 bytes)
1734457790.558944 sending message 112 to peer 0x63dbd06b9d60 (11 bytes)
1734457790.558971 sending message 112 to peer 0x63dbd06b9d60 (9 bytes)
1734457790.558979 sending message 112 to peer 0x63dbd06b9d60 (10 bytes)
1734457790.558986 sending message 112 to peer 0x63dbd06b9d60 (10 bytes)
1734457790.558993 sending message 112 to peer 0x63dbd06b9d60 (10 bytes)
1734457790.559001 sending message 112 to peer 0x63dbd06b9d60 (10 bytes)
1734457790.559008 sending message 112 to peer 0x63dbd06b9d60 (11 bytes)
1734457790.559015 sending message 112 to peer 0x63dbd06b9d60 (12 bytes)
1734457790.559022 sending message 112 to peer 0x63dbd06b9d60 (12 bytes)
1734457790.559030 sending message 112 to peer 0x63dbd06b9d60 (12 bytes)
1734457790.559037 sending message 112 to peer 0x63dbd06b9d60 (12 bytes)
1734457790.559044 sending message 112 to peer 0x63dbd06b9d60 (12 bytes)
1734457790.559051 sending message 112 to peer 0x63dbd06b9d60 (11 bytes)
1734457790.559058 sending message 112 to peer 0x63dbd06b9d60 (11 bytes)
1734457790.559066 sending message 112 to peer 0x63dbd06b9d60 (12 bytes)
1734457790.559073 sending message 112 to peer 0x63dbd06b9d60 (12 bytes)
1734457790.559080 sending message 112 to peer 0x63dbd06b9d60 (12 bytes)
1734457790.559087 sending message 112 to peer 0x63dbd06b9d60 (12 bytes)
1734457790.559094 sending message 112 to peer 0x63dbd06b9d60 (12 bytes)
1734457790.559101 sending message 112 to peer 0x63dbd06b9d60 (9 bytes)
1734457790.559109 sending message 112 to peer 0x63dbd06b9d60 (12 bytes)
1734457790.559116 sending message 112 to peer 0x63dbd06b9d60 (13 bytes)
1734457790.559123 sending message 112 to peer 0x63dbd06b9d60 (13 bytes)
1734457790.559130 sending message 112 to peer 0x63dbd06b9d60 (13 bytes)
1734457790.559138 sending message 112 to peer 0x63dbd06b9d60 (13 bytes)
1734457790.559145 sending message 112 to peer 0x63dbd06b9d60 (13 bytes)
1734457790.559152 sending message 112 to peer 0x63dbd06b9d60 (8 bytes)
1734457790.559159 sending message 112 to peer 0x63dbd06b9d60 (11 bytes)
1734457790.559167 sending message 112 to peer 0x63dbd06b9d60 (11 bytes)
1734457790.559174 sending message 112 to peer 0x63dbd06b9d60 (11 bytes)
1734457790.559181 sending message 112 to peer 0x63dbd06b9d60 (12 bytes)
1734457790.559188 sending message 112 to peer 0x63dbd06b9d60 (12 bytes)
1734457790.559195 sending message 112 to peer 0x63dbd06b9d60 (12 bytes)
1734457790.559202 sending message 112 to peer 0x63dbd06b9d60 (12 bytes)
1734457790.559210 sending message 112 to peer 0x63dbd06b9d60 (13 bytes)
1734457790.559216 sending message 112 to peer 0x63dbd06b9d60 (13 bytes)
1734457790.559224 sending message 112 to peer 0x63dbd06b9d60 (13 bytes)
1734457790.559231 sending message 112 to peer 0x63dbd06b9d60 (8 bytes)
1734457790.559238 sending message 112 to peer 0x63dbd06b9d60 (13 bytes)
1734457790.559245 sending message 112 to peer 0x63dbd06b9d60 (13 bytes)
1734457790.559268 sending message 112 to peer 0x63dbd06b9d60 (13 bytes)
1734457790.559279 sending message 112 to peer 0x63dbd06b9d60 (13 bytes)
1734457790.559286 sending message 112 to peer 0x63dbd06b9d60 (13 bytes)
1734457790.559293 sending message 112 to peer 0x63dbd06b9d60 (12 bytes)
1734457790.559300 sending message 112 to peer 0x63dbd06b9d60 (12 bytes)
1734457790.559308 sending message 112 to peer 0x63dbd06b9d60 (12 bytes)
1734457790.559315 sending message 112 to peer 0x63dbd06b9d60 (12 bytes)
1734457790.559323 sending message 112 to peer 0x63dbd06b9d60 (13 bytes)
1734457790.559330 sending message 112 to peer 0x63dbd06b9d60 (8 bytes)
1734457790.559337 sending message 112 to peer 0x63dbd06b9d60 (13 bytes)
1734457790.559345 sending message 112 to peer 0x63dbd06b9d60 (13 bytes)
1734457790.559352 sending message 112 to peer 0x63dbd06b9d60 (13 bytes)
1734457790.559360 sending message 112 to peer 0x63dbd06b9d60 (13 bytes)
1734457790.559367 sending message 112 to peer 0x63dbd06b9d60 (13 bytes)
1734457790.559374 sending message 112 to peer 0x63dbd06b9d60 (13 bytes)
1734457790.559381 sending message 112 to peer 0x63dbd06b9d60 (13 bytes)
1734457790.559388 sending message 112 to peer 0x63dbd06b9d60 (12 bytes)
1734457790.559396 sending message 112 to peer 0x63dbd06b9d60 (12 bytes)
1734457790.559412 sending message 112 to peer 0x63dbd06b9d60 (12 bytes)
1734457790.559420 sending message 112 to peer 0x63dbd06b9d60 (8 bytes)
1734457790.559427 sending message 112 to peer 0x63dbd06b9d60 (12 bytes)
1734457790.559434 sending message 112 to peer 0x63dbd06b9d60 (13 bytes)
1734457790.559442 sending message 112 to peer 0x63dbd06b9d60 (13 bytes)
1734457790.559449 sending message 112 to peer 0x63dbd06b9d60 (13 bytes)
1734457790.559456 sending message 112 to peer 0x63dbd06b9d60 (13 bytes)
1734457790.559463 sending message 112 to peer 0x63dbd06b9d60 (13 bytes)
1734457790.559471 sending message 112 to peer 0x63dbd06b9d60 (13 bytes)
1734457790.559478 sending message 112 to peer 0x63dbd06b9d60 (13 bytes)
1734457790.559485 sending message 112 to peer 0x63dbd06b9d60 (13 bytes)
1734457790.559493 sending message 112 to peer 0x63dbd06b9d60 (12 bytes)
1734457790.559500 sending message 112 to peer 0x63dbd06b9d60 (10 bytes)
1734457790.559508 sending message 112 to peer 0x63dbd06b9d60 (12 bytes)
1734457790.559515 sending message 112 to peer 0x63dbd06b9d60 (12 bytes)
1734457790.559523 sending message 112 to peer 0x63dbd06b9d60 (12 bytes)
1734457790.559530 sending message 112 to peer 0x63dbd06b9d60 (13 bytes)
1734457790.559538 sending message 112 to peer 0x63dbd06b9d60 (13 bytes)
1734457790.559545 sending message 112 to peer 0x63dbd06b9d60 (13 bytes)
1734457790.559552 sending message 112 to peer 0x63dbd06b9d60 (13 bytes)
1734457790.559560 sending message 112 to peer 0x63dbd06b9d60 (13 bytes)
1734457790.559571 sending message 112 to peer 0x63dbd06b9d60 (13 bytes)
1734457790.559579 sending message 112 to peer 0x63dbd06b9d60 (13 bytes)
1734457790.559586 sending message 112 to peer 0x63dbd06b9d60 (10 bytes)
1734457790.559593 sending message 112 to peer 0x63dbd06b9d60 (13 bytes)
1734457790.559600 sending message 112 to peer 0x63dbd06b9d60 (12 bytes)
1734457790.559607 sending message 112 to peer 0x63dbd06b9d60 (12 bytes)
1734457790.559628 sending message 112 to peer 0x63dbd06b9d60 (12 bytes)
1734457790.559635 sending message 112 to peer 0x63dbd06b9d60 (10 bytes)
1734457790.559642 sending message 112 to peer 0x63dbd06b9d60 (10 bytes)
1734457790.559648 sending message 112 to peer 0x63dbd06b9d60 (10 bytes)
1734457790.559655 sending message 112 to peer 0x63dbd06b9d60 (12 bytes)
1734457790.559662 sending message 112 to peer 0x63dbd06b9d60 (13 bytes)
1734457790.559669 sending message 112 to peer 0x63dbd06b9d60 (13 bytes)
1734457790.559675 sending message 112 to peer 0x63dbd06b9d60 (13 bytes)
1734457790.559682 sending message 112 to peer 0x63dbd06b9d60 (13 bytes)
1734457790.559689 sending message 112 to peer 0x63dbd06b9d60 (13 bytes)
1734457790.559696 sending message 112 to peer 0x63dbd06b9d60 (10 bytes)
1734457790.559702 sending message 112 to peer 0x63dbd06b9d60 (11 bytes)
1734457790.559709 sending message 112 to peer 0x63dbd06b9d60 (12 bytes)
1734457790.559716 sending message 112 to peer 0x63dbd06b9d60 (12 bytes)
1734457790.559723 sending message 112 to peer 0x63dbd06b9d60 (12 bytes)
1734457790.559729 sending message 112 to peer 0x63dbd06b9d60 (12 bytes)
1734457790.559736 sending message 112 to peer 0x63dbd06b9d60 (12 bytes)
1734457790.559743 sending message 112 to peer 0x63dbd06b9d60 (11 bytes)
1734457790.559750 sending message 112 to peer 0x63dbd06b9d60 (12 bytes)
1734457790.559756 sending message 112 to peer 0x63dbd06b9d60 (12 bytes)
1734457790.559763 sending message 112 to peer 0x63dbd06b9d60 (13 bytes)
1734457790.559770 sending message 112 to peer 0x63dbd06b9d60 (13 bytes)
1734457790.559776 sending message 112 to peer 0x63dbd06b9d60 (13 bytes)
1734457790.559783 sending message 112 to peer 0x63dbd06b9d60 (13 bytes)
1734457790.559790 sending message 112 to peer 0x63dbd06b9d60 (13 bytes)
1734457790.559796 sending message 112 to peer 0x63dbd06b9d60 (10 bytes)
1734457790.559803 sending message 112 to peer 0x63dbd06b9d60 (9 bytes)
1734457790.559811 sending message 112 to peer 0x63dbd06b9d60 (12 bytes)
1734457790.559817 sending message 112 to peer 0x63dbd06b9d60 (13 bytes)
1734457790.559824 sending message 112 to peer 0x63dbd06b9d60 (13 bytes)
1734457790.559838 sending message 112 to peer 0x63dbd06b9d60 (13 bytes)
1734457790.559845 sending message 112 to peer 0x63dbd06b9d60 (13 bytes)
1734457790.559852 sending message 112 to peer 0x63dbd06b9d60 (13 bytes)
1734457790.559859 sending message 112 to peer 0x63dbd06b9d60 (9 bytes)
1734457790.559866 sending message 112 to peer 0x63dbd06b9d60 (12 bytes)
1734457790.559872 sending message 112 to peer 0x63dbd06b9d60 (13 bytes)
1734457790.559879 sending message 112 to peer 0x63dbd06b9d60 (13 bytes)
1734457790.559886 sending message 112 to peer 0x63dbd06b9d60 (13 bytes)
1734457790.559893 sending message 112 to peer 0x63dbd06b9d60 (13 bytes)
1734457790.559900 sending message 112 to peer 0x63dbd06b9d60 (13 bytes)
1734457790.559906 sending message 112 to peer 0x63dbd06b9d60 (11 bytes)
1734457790.559913 sending message 112 to peer 0x63dbd06b9d60 (12 bytes)
1734457790.559920 sending message 112 to peer 0x63dbd06b9d60 (13 bytes)
1734457790.559926 sending message 112 to peer 0x63dbd06b9d60 (13 bytes)
1734457790.559933 sending message 112 to peer 0x63dbd06b9d60 (13 bytes)
1734457790.559940 sending message 112 to peer 0x63dbd06b9d60 (13 bytes)
1734457790.559947 sending message 112 to peer 0x63dbd06b9d60 (13 bytes)
1734457790.559953 sending message 112 to peer 0x63dbd06b9d60 (11 bytes)
1734457790.559960 sending message 112 to peer 0x63dbd06b9d60 (12 bytes)
1734457790.559967 sending message 112 to peer 0x63dbd06b9d60 (12 bytes)
1734457790.559974 sending message 112 to peer 0x63dbd06b9d60 (12 bytes)
1734457790.559981 sending message 112 to peer 0x63dbd06b9d60 (12 bytes)
1734457790.559988 sending message 112 to peer 0x63dbd06b9d60 (12 bytes)
1734457790.559995 sending message 112 to peer 0x63dbd06b9d60 (21 bytes)
1734457790.560002 sending message 112 to peer 0x63dbd06b9d60 (12 bytes)
1734457790.560009 sending message 112 to peer 0x63dbd06b9d60 (9 bytes)
1734457790.560016 sending message 112 to peer 0x63dbd06b9d60 (6 bytes)
1734457790.560023 sending message 112 to peer 0x63dbd06b9d60 (13 bytes)
1734457790.560030 sending message 112 to peer 0x63dbd06b9d60 (10 bytes)
1734457790.560036 sending message 112 to peer 0x63dbd06b9d60 (24 bytes)
1734457790.560043 sending message 112 to peer 0x63dbd06b9d60 (13 bytes)
1734457790.560050 sending message 112 to peer 0x63dbd06b9d60 (9 bytes)
1734457790.560061 sending message 112 to peer 0x63dbd06b9d60 (70 bytes)
1734457790.560068 sending message 112 to peer 0x63dbd06b9d60 (69 bytes)
1734457790.560075 sending message 112 to peer 0x63dbd06b9d60 (12 bytes)
1734457790.560082 sending message 112 to peer 0x63dbd06b9d60 (10 bytes)
1734457790.560089 sending message 112 to peer 0x63dbd06b9d60 (10 bytes)
1734457790.560096 sending message 112 to peer 0x63dbd06b9d60 (24 bytes)
1734457790.560103 sending message 112 to peer 0x63dbd06b9d60 (13 bytes)
1734457790.560110 sending message 112 to peer 0x63dbd06b9d60 (10 bytes)
1734457790.560118 sending message 112 to peer 0x63dbd06b9d60 (10 bytes)
1734457790.560124 sending message 112 to peer 0x63dbd06b9d60 (10 bytes)
1734457790.560131 sending message 112 to peer 0x63dbd06b9d60 (13 bytes)
1734457790.560138 sending message 112 to peer 0x63dbd06b9d60 (15 bytes)
1734457790.560145 sending message 112 to peer 0x63dbd06b9d60 (5 bytes)
1734457790.560155 sending message 104 to peer 0x63dbd06b9d60 (0 bytes)
1734457790.560164 sending message 110 to peer 0x63dbd06b9d60 (0 bytes)
1734457790.560174 sending message 107 to peer 0x63dbd06b9d60 (4 bytes)
1734457790.560181 sending message 105 to peer 0x63dbd06b9d60 (16 bytes)
1734457790.560188 sending message 105 to peer 0x63dbd06b9d60 (98 bytes)
1734457790.560195 sending message 105 to peer 0x63dbd06b9d60 (19 bytes)
1734457790.560202 sending message 105 to peer 0x63dbd06b9d60 (20 bytes)
1734457790.560209 sending message 105 to peer 0x63dbd06b9d60 (45 bytes)
1734457790.560216 sending message 105 to peer 0x63dbd06b9d60 (60 bytes)
1734457790.560224 sending message 105 to peer 0x63dbd06b9d60 (23 bytes)
1734457790.560231 sending message 105 to peer 0x63dbd06b9d60 (44 bytes)
1734457790.560239 sending message 105 to peer 0x63dbd06b9d60 (32 bytes)
1734457790.560262 sending message 105 to peer 0x63dbd06b9d60 (41 bytes)
1734457790.560272 sending message 105 to peer 0x63dbd06b9d60 (51 bytes)
1734457790.560279 sending message 105 to peer 0x63dbd06b9d60 (20 bytes)
1734457790.560287 sending message 105 to peer 0x63dbd06b9d60 (23 bytes)
1734457790.560295 sending message 105 to peer 0x63dbd06b9d60 (28 bytes)
1734457790.560302 sending message 105 to peer 0x63dbd06b9d60 (43 bytes)
1734457790.560309 sending message 105 to peer 0x63dbd06b9d60 (13 bytes)
1734457790.560316 sending message 105 to peer 0x63dbd06b9d60 (27 bytes)
1734457790.560323 sending message 105 to peer 0x63dbd06b9d60 (21 bytes)
1734457790.560330 sending message 105 to peer 0x63dbd06b9d60 (52 bytes)
1734457790.560337 sending message 105 to peer 0x63dbd06b9d60 (22 bytes)
1734457790.560344 sending message 105 to peer 0x63dbd06b9d60 (41 bytes)
1734457790.560351 sending message 105 to peer 0x63dbd06b9d60 (13 bytes)
1734457790.560358 sending message 105 to peer 0x63dbd06b9d60 (16 bytes)
1734457790.560365 sending message 105 to peer 0x63dbd06b9d60 (14 bytes)
1734457790.560371 sending message 105 to peer 0x63dbd06b9d60 (17 bytes)
1734457790.560379 sending message 105 to peer 0x63dbd06b9d60 (1817 bytes)
1734457790.560406 sending message 105 to peer 0x63dbd06b9d60 (33 bytes)
1734457790.560414 sending message 105 to peer 0x63dbd06b9d60 (140 bytes)
1734457790.560421 sending message 105 to peer 0x63dbd06b9d60 (17 bytes)
1734457790.560428 sending message 105 to peer 0x63dbd06b9d60 (86 bytes)
1734457790.560435 sending message 105 to peer 0x63dbd06b9d60 (24 bytes)
1734457790.560442 sending message 105 to peer 0x63dbd06b9d60 (34 bytes)
1734457790.560449 sending message 105 to peer 0x63dbd06b9d60 (23 bytes)
1734457790.560456 sending message 105 to peer 0x63dbd06b9d60 (36 bytes)
1734457790.560463 sending message 105 to peer 0x63dbd06b9d60 (20 bytes)
1734457790.560470 sending message 105 to peer 0x63dbd06b9d60 (32 bytes)
1734457790.560477 sending message 105 to peer 0x63dbd06b9d60 (10 bytes)
1734457790.560483 sending message 105 to peer 0x63dbd06b9d60 (29 bytes)
1734457790.560490 sending message 105 to peer 0x63dbd06b9d60 (11 bytes)
1734457790.560497 sending message 105 to peer 0x63dbd06b9d60 (8 bytes)
1734457790.560504 sending message 105 to peer 0x63dbd06b9d60 (14 bytes)
1734457790.560511 sending message 105 to peer 0x63dbd06b9d60 (35 bytes)
1734457790.560518 sending message 105 to peer 0x63dbd06b9d60 (18 bytes)
1734457790.560524 sending message 105 to peer 0x63dbd06b9d60 (31 bytes)
1734457790.560531 sending message 105 to peer 0x63dbd06b9d60 (47 bytes)
1734457790.560538 sending message 105 to peer 0x63dbd06b9d60 (102 bytes)
1734457790.560546 sending message 105 to peer 0x63dbd06b9d60 (300 bytes)
1734457790.560553 sending message 105 to peer 0x63dbd06b9d60 (18 bytes)
1734457790.560560 sending message 105 to peer 0x63dbd06b9d60 (54 bytes)
1734457790.560567 sending message 105 to peer 0x63dbd06b9d60 (51 bytes)
1734457790.560574 sending message 105 to peer 0x63dbd06b9d60 (16 bytes)
1734457790.560581 sending message 106 to peer 0x63dbd06b9d60 (0 bytes)
1734457790.560686 sending message 200 to peer 0x63dbd06b9d60 (4 bytes)
1734457790.560696 client loop enter
1734457790.560730 client_signal: Child exited
1734457790.650073 peer 0x63dbd06b9d60 message 207
1734457790.650086 sending message 208 to peer 0x63dbd06b9d60 (0 bytes)
1734457796.670120 peer 0x63dbd06b9d60 message 203
1734457796.670133 sending message 205 to peer 0x63dbd06b9d60 (0 bytes)
1734457796.670522 peer 0x63dbd06b9d60 message 204
1734457796.670533 client loop exit
